{"C:\\Users\\onsbe\\only-for-testing\\BlogMitDashboard\\api\\auth\\index.js": {"path":"C:\\Users\\onsbe\\only-for-testing\\BlogMitDashboard\\api\\auth\\index.js","statementMap":{"0":{"start":{"line":8,"column":0},"end":{"line":8,"column":16}},"1":{"start":{"line":13,"column":0},"end":{"line":19,"column":3}},"2":{"start":{"line":16,"column":2},"end":{"line":16,"column":33}},"3":{"start":{"line":18,"column":2},"end":{"line":18,"column":19}},"4":{"start":{"line":21,"column":12},"end":{"line":21,"column":21}},"5":{"start":{"line":23,"column":0},"end":{"line":23,"column":24}},"6":{"start":{"line":24,"column":0},"end":{"line":24,"column":24}},"7":{"start":{"line":26,"column":15},"end":{"line":28,"column":2}},"8":{"start":{"line":27,"column":2},"end":{"line":27,"column":45}},"9":{"start":{"line":32,"column":0},"end":{"line":32,"column":33}},"10":{"start":{"line":36,"column":0},"end":{"line":44,"column":3}},"11":{"start":{"line":37,"column":21},"end":{"line":37,"column":44}},"12":{"start":{"line":38,"column":18},"end":{"line":38,"column":58}},"13":{"start":{"line":39,"column":2},"end":{"line":43,"column":5}}},"fnMap":{"0":{"name":"(anonymous_0)","decl":{"start":{"line":15,"column":6},"end":{"line":15,"column":7}},"loc":{"start":{"line":15,"column":12},"end":{"line":17,"column":1}},"line":15},"1":{"name":"(anonymous_1)","decl":{"start":{"line":17,"column":9},"end":{"line":17,"column":10}},"loc":{"start":{"line":17,"column":18},"end":{"line":19,"column":1}},"line":17},"2":{"name":"(anonymous_2)","decl":{"start":{"line":26,"column":32},"end":{"line":26,"column":33}},"loc":{"start":{"line":26,"column":38},"end":{"line":28,"column":1}},"line":26},"3":{"name":"(anonymous_3)","decl":{"start":{"line":36,"column":8},"end":{"line":36,"column":9}},"loc":{"start":{"line":36,"column":35},"end":{"line":44,"column":1}},"line":36}},"branchMap":{"0":{"loc":{"start":{"line":37,"column":21},"end":{"line":37,"column":44}},"type":"binary-expr","locations":[{"start":{"line":37,"column":21},"end":{"line":37,"column":37}},{"start":{"line":37,"column":41},"end":{"line":37,"column":44}}],"line":37},"1":{"loc":{"start":{"line":38,"column":18},"end":{"line":38,"column":58}},"type":"binary-expr","locations":[{"start":{"line":38,"column":18},"end":{"line":38,"column":31}},{"start":{"line":38,"column":35},"end":{"line":38,"column":58}}],"line":38}},"s":{"0":1,"1":1,"2":1,"3":0,"4":1,"5":1,"6":1,"7":1,"8":1,"9":1,"10":1,"11":3,"12":3,"13":3},"f":{"0":1,"1":0,"2":1,"3":3},"b":{"0":[3,0],"1":[3,0]},"_coverageSchema":"1a1c01bbd47fc00a2c39e90264f33305004495a9","hash":"a875a53399a604595daeafc8a1248457827b3baf"}
,"C:\\Users\\onsbe\\only-for-testing\\BlogMitDashboard\\api\\auth\\controllers\\auth.controller.js": {"path":"C:\\Users\\onsbe\\only-for-testing\\BlogMitDashboard\\api\\auth\\controllers\\auth.controller.js","statementMap":{"0":{"start":{"line":6,"column":22},"end":{"line":45,"column":1}},"1":{"start":{"line":7,"column":40},"end":{"line":7,"column":48}},"2":{"start":{"line":9,"column":2},"end":{"line":11,"column":3}},"3":{"start":{"line":10,"column":4},"end":{"line":10,"column":67}},"4":{"start":{"line":13,"column":2},"end":{"line":44,"column":3}},"5":{"start":{"line":14,"column":25},"end":{"line":14,"column":54}},"6":{"start":{"line":15,"column":4},"end":{"line":17,"column":5}},"7":{"start":{"line":16,"column":6},"end":{"line":16,"column":86}},"8":{"start":{"line":19,"column":27},"end":{"line":19,"column":58}},"9":{"start":{"line":20,"column":20},"end":{"line":24,"column":6}},"10":{"start":{"line":26,"column":4},"end":{"line":26,"column":25}},"11":{"start":{"line":28,"column":18},"end":{"line":31,"column":5}},"12":{"start":{"line":33,"column":4},"end":{"line":33,"column":71}},"13":{"start":{"line":35,"column":4},"end":{"line":42,"column":5}},"14":{"start":{"line":36,"column":6},"end":{"line":38,"column":7}},"15":{"start":{"line":37,"column":8},"end":{"line":37,"column":74}},"16":{"start":{"line":39,"column":6},"end":{"line":41,"column":7}},"17":{"start":{"line":40,"column":8},"end":{"line":40,"column":68}},"18":{"start":{"line":43,"column":4},"end":{"line":43,"column":14}},"19":{"start":{"line":47,"column":22},"end":{"line":74,"column":1}},"20":{"start":{"line":48,"column":30},"end":{"line":48,"column":38}},"21":{"start":{"line":50,"column":2},"end":{"line":52,"column":3}},"22":{"start":{"line":51,"column":4},"end":{"line":51,"column":60}},"23":{"start":{"line":53,"column":2},"end":{"line":73,"column":3}},"24":{"start":{"line":54,"column":22},"end":{"line":54,"column":51}},"25":{"start":{"line":55,"column":4},"end":{"line":57,"column":5}},"26":{"start":{"line":56,"column":6},"end":{"line":56,"column":71}},"27":{"start":{"line":58,"column":26},"end":{"line":58,"column":76}},"28":{"start":{"line":59,"column":4},"end":{"line":61,"column":5}},"29":{"start":{"line":60,"column":6},"end":{"line":60,"column":60}},"30":{"start":{"line":62,"column":18},"end":{"line":65,"column":5}},"31":{"start":{"line":67,"column":52},"end":{"line":67,"column":66}},"32":{"start":{"line":69,"column":6},"end":{"line":70,"column":36}},"33":{"start":{"line":72,"column":4},"end":{"line":72,"column":14}},"34":{"start":{"line":76,"column":22},"end":{"line":107,"column":1}},"35":{"start":{"line":77,"column":42},"end":{"line":77,"column":50}},"36":{"start":{"line":78,"column":2},"end":{"line":106,"column":3}},"37":{"start":{"line":79,"column":17},"end":{"line":79,"column":46}},"38":{"start":{"line":80,"column":4},"end":{"line":103,"column":5}},"39":{"start":{"line":81,"column":20},"end":{"line":81,"column":91}},"40":{"start":{"line":82,"column":34},"end":{"line":82,"column":43}},"41":{"start":{"line":83,"column":6},"end":{"line":84,"column":36}},"42":{"start":{"line":86,"column":34},"end":{"line":87,"column":44}},"43":{"start":{"line":88,"column":31},"end":{"line":88,"column":71}},"44":{"start":{"line":89,"column":24},"end":{"line":94,"column":10}},"45":{"start":{"line":95,"column":8},"end":{"line":95,"column":29}},"46":{"start":{"line":96,"column":22},"end":{"line":96,"column":99}},"47":{"start":{"line":97,"column":36},"end":{"line":97,"column":48}},"48":{"start":{"line":98,"column":8},"end":{"line":102,"column":20}},"49":{"start":{"line":105,"column":4},"end":{"line":105,"column":14}}},"fnMap":{"0":{"name":"(anonymous_0)","decl":{"start":{"line":6,"column":22},"end":{"line":6,"column":23}},"loc":{"start":{"line":6,"column":48},"end":{"line":45,"column":1}},"line":6},"1":{"name":"(anonymous_1)","decl":{"start":{"line":47,"column":22},"end":{"line":47,"column":23}},"loc":{"start":{"line":47,"column":48},"end":{"line":74,"column":1}},"line":47},"2":{"name":"(anonymous_2)","decl":{"start":{"line":76,"column":22},"end":{"line":76,"column":23}},"loc":{"start":{"line":76,"column":48},"end":{"line":107,"column":1}},"line":76}},"branchMap":{"0":{"loc":{"start":{"line":9,"column":2},"end":{"line":11,"column":3}},"type":"if","locations":[{"start":{"line":9,"column":2},"end":{"line":11,"column":3}},{"start":{},"end":{}}],"line":9},"1":{"loc":{"start":{"line":9,"column":6},"end":{"line":9,"column":38}},"type":"binary-expr","locations":[{"start":{"line":9,"column":6},"end":{"line":9,"column":15}},{"start":{"line":9,"column":19},"end":{"line":9,"column":25}},{"start":{"line":9,"column":29},"end":{"line":9,"column":38}}],"line":9},"2":{"loc":{"start":{"line":15,"column":4},"end":{"line":17,"column":5}},"type":"if","locations":[{"start":{"line":15,"column":4},"end":{"line":17,"column":5}},{"start":{},"end":{}}],"line":15},"3":{"loc":{"start":{"line":35,"column":4},"end":{"line":42,"column":5}},"type":"if","locations":[{"start":{"line":35,"column":4},"end":{"line":42,"column":5}},{"start":{},"end":{}}],"line":35},"4":{"loc":{"start":{"line":36,"column":6},"end":{"line":38,"column":7}},"type":"if","locations":[{"start":{"line":36,"column":6},"end":{"line":38,"column":7}},{"start":{},"end":{}}],"line":36},"5":{"loc":{"start":{"line":39,"column":6},"end":{"line":41,"column":7}},"type":"if","locations":[{"start":{"line":39,"column":6},"end":{"line":41,"column":7}},{"start":{},"end":{}}],"line":39},"6":{"loc":{"start":{"line":50,"column":2},"end":{"line":52,"column":3}},"type":"if","locations":[{"start":{"line":50,"column":2},"end":{"line":52,"column":3}},{"start":{},"end":{}}],"line":50},"7":{"loc":{"start":{"line":50,"column":6},"end":{"line":50,"column":60}},"type":"binary-expr","locations":[{"start":{"line":50,"column":6},"end":{"line":50,"column":12}},{"start":{"line":50,"column":16},"end":{"line":50,"column":25}},{"start":{"line":50,"column":29},"end":{"line":50,"column":41}},{"start":{"line":50,"column":45},"end":{"line":50,"column":60}}],"line":50},"8":{"loc":{"start":{"line":55,"column":4},"end":{"line":57,"column":5}},"type":"if","locations":[{"start":{"line":55,"column":4},"end":{"line":57,"column":5}},{"start":{},"end":{}}],"line":55},"9":{"loc":{"start":{"line":59,"column":4},"end":{"line":61,"column":5}},"type":"if","locations":[{"start":{"line":59,"column":4},"end":{"line":61,"column":5}},{"start":{},"end":{}}],"line":59},"10":{"loc":{"start":{"line":80,"column":4},"end":{"line":103,"column":5}},"type":"if","locations":[{"start":{"line":80,"column":4},"end":{"line":103,"column":5}},{"start":{"line":85,"column":13},"end":{"line":103,"column":5}}],"line":80}},"s":{"0":1,"1":2,"2":2,"3":1,"4":1,"5":1,"6":1,"7":0,"8":1,"9":1,"10":1,"11":1,"12":1,"13":0,"14":0,"15":0,"16":0,"17":0,"18":0,"19":1,"20":3,"21":3,"22":0,"23":3,"24":3,"25":3,"26":1,"27":2,"28":2,"29":1,"30":1,"31":1,"32":1,"33":0,"34":1,"35":1,"36":1,"37":1,"38":1,"39":0,"40":0,"41":0,"42":1,"43":1,"44":1,"45":1,"46":1,"47":1,"48":1,"49":0},"f":{"0":2,"1":3,"2":1},"b":{"0":[1,1],"1":[2,2,1],"2":[0,1],"3":[0,0],"4":[0,0],"5":[0,0],"6":[0,3],"7":[3,3,3,3],"8":[1,2],"9":[1,1],"10":[0,1]},"_coverageSchema":"1a1c01bbd47fc00a2c39e90264f33305004495a9","hash":"5fdc55fc6730e2cba7e859a3acc0b4fde0564c42"}
,"C:\\Users\\onsbe\\only-for-testing\\BlogMitDashboard\\api\\auth\\models\\user.model.js": {"path":"C:\\Users\\onsbe\\only-for-testing\\BlogMitDashboard\\api\\auth\\models\\user.model.js","statementMap":{"0":{"start":{"line":4,"column":19},"end":{"line":28,"column":1}},"1":{"start":{"line":31,"column":13},"end":{"line":31,"column":47}}},"fnMap":{},"branchMap":{},"s":{"0":1,"1":1},"f":{},"b":{},"_coverageSchema":"1a1c01bbd47fc00a2c39e90264f33305004495a9","hash":"f90ad7954bf6d4e7fd97ac33c5d528fe8b38b23d"}
,"C:\\Users\\onsbe\\only-for-testing\\BlogMitDashboard\\api\\auth\\routes\\auth.route.js": {"path":"C:\\Users\\onsbe\\only-for-testing\\BlogMitDashboard\\api\\auth\\routes\\auth.route.js","statementMap":{"0":{"start":{"line":6,"column":15},"end":{"line":6,"column":31}},"1":{"start":{"line":8,"column":0},"end":{"line":8,"column":31}},"2":{"start":{"line":9,"column":0},"end":{"line":9,"column":31}},"3":{"start":{"line":10,"column":0},"end":{"line":10,"column":30}}},"fnMap":{},"branchMap":{},"s":{"0":1,"1":1,"2":1,"3":1},"f":{},"b":{},"_coverageSchema":"1a1c01bbd47fc00a2c39e90264f33305004495a9","hash":"006d5649c692b939e53cccb3e2558b6c5ccd3195"}
,"C:\\Users\\onsbe\\only-for-testing\\BlogMitDashboard\\api\\auth\\utils\\error.js": {"path":"C:\\Users\\onsbe\\only-for-testing\\BlogMitDashboard\\api\\auth\\utils\\error.js","statementMap":{"0":{"start":{"line":1,"column":28},"end":{"line":6,"column":3}},"1":{"start":{"line":2,"column":17},"end":{"line":2,"column":28}},"2":{"start":{"line":3,"column":4},"end":{"line":3,"column":34}},"3":{"start":{"line":4,"column":4},"end":{"line":4,"column":28}},"4":{"start":{"line":5,"column":4},"end":{"line":5,"column":17}}},"fnMap":{"0":{"name":"(anonymous_0)","decl":{"start":{"line":1,"column":28},"end":{"line":1,"column":29}},"loc":{"start":{"line":1,"column":53},"end":{"line":6,"column":3}},"line":1}},"branchMap":{},"s":{"0":1,"1":3,"2":3,"3":3,"4":3},"f":{"0":3},"b":{},"_coverageSchema":"1a1c01bbd47fc00a2c39e90264f33305004495a9","hash":"d9dfa3a89f4e8fa5a29864a61808e1e555e516f9"}
}
