TN:
SF:index.js
FN:15,(anonymous_0)
FN:17,(anonymous_1)
FN:26,(anonymous_2)
FN:36,(anonymous_3)
FNF:4
FNH:3
FNDA:1,(anonymous_0)
FNDA:0,(anonymous_1)
FNDA:1,(anonymous_2)
FNDA:3,(anonymous_3)
DA:8,1
DA:13,1
DA:16,1
DA:18,0
DA:21,1
DA:23,1
DA:24,1
DA:26,1
DA:27,1
DA:32,1
DA:36,1
DA:37,3
DA:38,3
DA:39,3
LF:14
LH:13
BRDA:37,0,0,3
BRDA:37,0,1,0
BRDA:38,1,0,3
BRDA:38,1,1,0
BRF:4
BRH:2
end_of_record
TN:
SF:controllers\auth.controller.js
FN:6,(anonymous_0)
FN:47,(anonymous_1)
FN:76,(anonymous_2)
FNF:3
FNH:3
FNDA:2,(anonymous_0)
FNDA:3,(anonymous_1)
FNDA:1,(anonymous_2)
DA:6,1
DA:7,2
DA:9,2
DA:10,1
DA:13,1
DA:14,1
DA:15,1
DA:16,0
DA:19,1
DA:20,1
DA:26,1
DA:28,1
DA:33,1
DA:35,0
DA:36,0
DA:37,0
DA:39,0
DA:40,0
DA:43,0
DA:47,1
DA:48,3
DA:50,3
DA:51,0
DA:53,3
DA:54,3
DA:55,3
DA:56,1
DA:58,2
DA:59,2
DA:60,1
DA:62,1
DA:67,1
DA:69,1
DA:72,0
DA:76,1
DA:77,1
DA:78,1
DA:79,1
DA:80,1
DA:81,0
DA:82,0
DA:83,0
DA:86,1
DA:88,1
DA:89,1
DA:95,1
DA:96,1
DA:97,1
DA:98,1
DA:105,0
LF:50
LH:37
BRDA:9,0,0,1
BRDA:9,0,1,1
BRDA:9,1,0,2
BRDA:9,1,1,2
BRDA:9,1,2,1
BRDA:15,2,0,0
BRDA:15,2,1,1
BRDA:35,3,0,0
BRDA:35,3,1,0
BRDA:36,4,0,0
BRDA:36,4,1,0
BRDA:39,5,0,0
BRDA:39,5,1,0
BRDA:50,6,0,0
BRDA:50,6,1,3
BRDA:50,7,0,3
BRDA:50,7,1,3
BRDA:50,7,2,3
BRDA:50,7,3,3
BRDA:55,8,0,1
BRDA:55,8,1,2
BRDA:59,9,0,1
BRDA:59,9,1,1
BRDA:80,10,0,0
BRDA:80,10,1,1
BRF:25
BRH:16
end_of_record
TN:
SF:models\user.model.js
FNF:0
FNH:0
DA:4,1
DA:31,1
LF:2
LH:2
BRF:0
BRH:0
end_of_record
TN:
SF:routes\auth.route.js
FNF:0
FNH:0
DA:6,1
DA:8,1
DA:9,1
DA:10,1
LF:4
LH:4
BRF:0
BRH:0
end_of_record
TN:
SF:utils\error.js
FN:1,(anonymous_0)
FNF:1
FNH:1
FNDA:3,(anonymous_0)
DA:1,1
DA:2,3
DA:3,3
DA:4,3
DA:5,3
LF:5
LH:5
BRF:0
BRH:0
end_of_record
