{"C:\\Users\\onsbe\\only-for-testing\\BlogMitDashboard\\api\\user\\index.js": {"path":"C:\\Users\\onsbe\\only-for-testing\\BlogMitDashboard\\api\\user\\index.js","statementMap":{"0":{"start":{"line":8,"column":0},"end":{"line":8,"column":16}},"1":{"start":{"line":13,"column":0},"end":{"line":19,"column":3}},"2":{"start":{"line":16,"column":2},"end":{"line":16,"column":33}},"3":{"start":{"line":18,"column":2},"end":{"line":18,"column":19}},"4":{"start":{"line":21,"column":12},"end":{"line":21,"column":21}},"5":{"start":{"line":23,"column":0},"end":{"line":23,"column":24}},"6":{"start":{"line":24,"column":0},"end":{"line":24,"column":24}},"7":{"start":{"line":26,"column":15},"end":{"line":28,"column":2}},"8":{"start":{"line":27,"column":2},"end":{"line":27,"column":45}},"9":{"start":{"line":31,"column":0},"end":{"line":31,"column":33}},"10":{"start":{"line":34,"column":0},"end":{"line":42,"column":3}},"11":{"start":{"line":35,"column":21},"end":{"line":35,"column":44}},"12":{"start":{"line":36,"column":18},"end":{"line":36,"column":58}},"13":{"start":{"line":37,"column":2},"end":{"line":41,"column":5}}},"fnMap":{"0":{"name":"(anonymous_0)","decl":{"start":{"line":15,"column":6},"end":{"line":15,"column":7}},"loc":{"start":{"line":15,"column":12},"end":{"line":17,"column":1}},"line":15},"1":{"name":"(anonymous_1)","decl":{"start":{"line":17,"column":9},"end":{"line":17,"column":10}},"loc":{"start":{"line":17,"column":18},"end":{"line":19,"column":1}},"line":17},"2":{"name":"(anonymous_2)","decl":{"start":{"line":26,"column":32},"end":{"line":26,"column":33}},"loc":{"start":{"line":26,"column":38},"end":{"line":28,"column":1}},"line":26},"3":{"name":"(anonymous_3)","decl":{"start":{"line":34,"column":8},"end":{"line":34,"column":9}},"loc":{"start":{"line":34,"column":35},"end":{"line":42,"column":1}},"line":34}},"branchMap":{"0":{"loc":{"start":{"line":35,"column":21},"end":{"line":35,"column":44}},"type":"binary-expr","locations":[{"start":{"line":35,"column":21},"end":{"line":35,"column":37}},{"start":{"line":35,"column":41},"end":{"line":35,"column":44}}],"line":35},"1":{"loc":{"start":{"line":36,"column":18},"end":{"line":36,"column":58}},"type":"binary-expr","locations":[{"start":{"line":36,"column":18},"end":{"line":36,"column":31}},{"start":{"line":36,"column":35},"end":{"line":36,"column":58}}],"line":36}},"s":{"0":1,"1":1,"2":1,"3":0,"4":1,"5":1,"6":1,"7":1,"8":1,"9":1,"10":1,"11":0,"12":0,"13":0},"f":{"0":1,"1":0,"2":1,"3":0},"b":{"0":[0,0],"1":[0,0]},"_coverageSchema":"1a1c01bbd47fc00a2c39e90264f33305004495a9","hash":"11f3c9967ba94eeed5a2a0ffbe904b999b64c08a"}
,"C:\\Users\\onsbe\\only-for-testing\\BlogMitDashboard\\api\\user\\controllers\\user.controller.js": {"path":"C:\\Users\\onsbe\\only-for-testing\\BlogMitDashboard\\api\\user\\controllers\\user.controller.js","statementMap":{"0":{"start":{"line":6,"column":20},"end":{"line":8,"column":3}},"1":{"start":{"line":7,"column":2},"end":{"line":7,"column":41}},"2":{"start":{"line":10,"column":28},"end":{"line":51,"column":1}},"3":{"start":{"line":11,"column":4},"end":{"line":13,"column":5}},"4":{"start":{"line":12,"column":6},"end":{"line":12,"column":97}},"5":{"start":{"line":14,"column":4},"end":{"line":20,"column":5}},"6":{"start":{"line":15,"column":6},"end":{"line":18,"column":9}},"7":{"start":{"line":17,"column":10},"end":{"line":17,"column":93}},"8":{"start":{"line":19,"column":6},"end":{"line":19,"column":67}},"9":{"start":{"line":21,"column":4},"end":{"line":36,"column":3}},"10":{"start":{"line":22,"column":6},"end":{"line":25,"column":7}},"11":{"start":{"line":24,"column":8},"end":{"line":24,"column":112}},"12":{"start":{"line":26,"column":6},"end":{"line":29,"column":5}},"13":{"start":{"line":28,"column":8},"end":{"line":28,"column":92}},"14":{"start":{"line":30,"column":4},"end":{"line":32,"column":5}},"15":{"start":{"line":31,"column":6},"end":{"line":31,"column":87}},"16":{"start":{"line":33,"column":4},"end":{"line":35,"column":5}},"17":{"start":{"line":34,"column":6},"end":{"line":34,"column":98}},"18":{"start":{"line":37,"column":4},"end":{"line":50,"column":5}},"19":{"start":{"line":38,"column":26},"end":{"line":45,"column":22}},"20":{"start":{"line":46,"column":36},"end":{"line":46,"column":52}},"21":{"start":{"line":47,"column":8},"end":{"line":47,"column":35}},"22":{"start":{"line":49,"column":6},"end":{"line":49,"column":16}},"23":{"start":{"line":53,"column":26},"end":{"line":63,"column":1}},"24":{"start":{"line":54,"column":2},"end":{"line":56,"column":3}},"25":{"start":{"line":55,"column":4},"end":{"line":55,"column":90}},"26":{"start":{"line":57,"column":2},"end":{"line":62,"column":3}},"27":{"start":{"line":58,"column":4},"end":{"line":58,"column":52}},"28":{"start":{"line":59,"column":4},"end":{"line":59,"column":52}},"29":{"start":{"line":61,"column":4},"end":{"line":61,"column":14}},"30":{"start":{"line":65,"column":23},"end":{"line":73,"column":1}},"31":{"start":{"line":66,"column":2},"end":{"line":72,"column":3}},"32":{"start":{"line":67,"column":4},"end":{"line":69,"column":55}},"33":{"start":{"line":71,"column":4},"end":{"line":71,"column":16}},"34":{"start":{"line":75,"column":24},"end":{"line":119,"column":1}},"35":{"start":{"line":76,"column":2},"end":{"line":78,"column":3}},"36":{"start":{"line":77,"column":4},"end":{"line":77,"column":85}},"37":{"start":{"line":79,"column":4},"end":{"line":118,"column":3}},"38":{"start":{"line":80,"column":25},"end":{"line":80,"column":60}},"39":{"start":{"line":81,"column":20},"end":{"line":81,"column":50}},"40":{"start":{"line":82,"column":28},"end":{"line":82,"column":61}},"41":{"start":{"line":84,"column":20},"end":{"line":87,"column":19}},"42":{"start":{"line":89,"column":35},"end":{"line":92,"column":8}},"43":{"start":{"line":90,"column":38},"end":{"line":90,"column":47}},"44":{"start":{"line":91,"column":8},"end":{"line":91,"column":20}},"45":{"start":{"line":94,"column":25},"end":{"line":94,"column":52}},"46":{"start":{"line":96,"column":18},"end":{"line":96,"column":28}},"47":{"start":{"line":98,"column":26},"end":{"line":102,"column":7}},"48":{"start":{"line":104,"column":29},"end":{"line":108,"column":8}},"49":{"start":{"line":110,"column":6},"end":{"line":114,"column":9}},"50":{"start":{"line":117,"column":4},"end":{"line":117,"column":16}},"51":{"start":{"line":121,"column":23},"end":{"line":132,"column":1}},"52":{"start":{"line":122,"column":2},"end":{"line":131,"column":3}},"53":{"start":{"line":123,"column":17},"end":{"line":123,"column":55}},"54":{"start":{"line":124,"column":4},"end":{"line":126,"column":5}},"55":{"start":{"line":125,"column":6},"end":{"line":125,"column":64}},"56":{"start":{"line":127,"column":34},"end":{"line":127,"column":43}},"57":{"start":{"line":128,"column":4},"end":{"line":128,"column":31}},"58":{"start":{"line":130,"column":4},"end":{"line":130,"column":16}}},"fnMap":{"0":{"name":"(anonymous_0)","decl":{"start":{"line":6,"column":20},"end":{"line":6,"column":21}},"loc":{"start":{"line":6,"column":34},"end":{"line":8,"column":3}},"line":6},"1":{"name":"(anonymous_1)","decl":{"start":{"line":10,"column":28},"end":{"line":10,"column":29}},"loc":{"start":{"line":10,"column":54},"end":{"line":51,"column":1}},"line":10},"2":{"name":"(anonymous_2)","decl":{"start":{"line":53,"column":26},"end":{"line":53,"column":27}},"loc":{"start":{"line":53,"column":52},"end":{"line":63,"column":1}},"line":53},"3":{"name":"(anonymous_3)","decl":{"start":{"line":65,"column":23},"end":{"line":65,"column":24}},"loc":{"start":{"line":65,"column":43},"end":{"line":73,"column":1}},"line":65},"4":{"name":"(anonymous_4)","decl":{"start":{"line":75,"column":24},"end":{"line":75,"column":25}},"loc":{"start":{"line":75,"column":50},"end":{"line":119,"column":1}},"line":75},"5":{"name":"(anonymous_5)","decl":{"start":{"line":89,"column":45},"end":{"line":89,"column":46}},"loc":{"start":{"line":89,"column":55},"end":{"line":92,"column":7}},"line":89},"6":{"name":"(anonymous_6)","decl":{"start":{"line":121,"column":23},"end":{"line":121,"column":24}},"loc":{"start":{"line":121,"column":49},"end":{"line":132,"column":1}},"line":121}},"branchMap":{"0":{"loc":{"start":{"line":11,"column":4},"end":{"line":13,"column":5}},"type":"if","locations":[{"start":{"line":11,"column":4},"end":{"line":13,"column":5}},{"start":{},"end":{}}],"line":11},"1":{"loc":{"start":{"line":14,"column":4},"end":{"line":20,"column":5}},"type":"if","locations":[{"start":{"line":14,"column":4},"end":{"line":20,"column":5}},{"start":{},"end":{}}],"line":14},"2":{"loc":{"start":{"line":15,"column":6},"end":{"line":18,"column":9}},"type":"if","locations":[{"start":{"line":15,"column":6},"end":{"line":18,"column":9}},{"start":{},"end":{}}],"line":15},"3":{"loc":{"start":{"line":21,"column":4},"end":{"line":36,"column":3}},"type":"if","locations":[{"start":{"line":21,"column":4},"end":{"line":36,"column":3}},{"start":{},"end":{}}],"line":21},"4":{"loc":{"start":{"line":22,"column":6},"end":{"line":25,"column":7}},"type":"if","locations":[{"start":{"line":22,"column":6},"end":{"line":25,"column":7}},{"start":{},"end":{}}],"line":22},"5":{"loc":{"start":{"line":23,"column":8},"end":{"line":23,"column":69}},"type":"binary-expr","locations":[{"start":{"line":23,"column":8},"end":{"line":23,"column":36}},{"start":{"line":23,"column":40},"end":{"line":23,"column":69}}],"line":23},"6":{"loc":{"start":{"line":26,"column":6},"end":{"line":29,"column":5}},"type":"if","locations":[{"start":{"line":26,"column":6},"end":{"line":29,"column":5}},{"start":{},"end":{}}],"line":26},"7":{"loc":{"start":{"line":30,"column":4},"end":{"line":32,"column":5}},"type":"if","locations":[{"start":{"line":30,"column":4},"end":{"line":32,"column":5}},{"start":{},"end":{}}],"line":30},"8":{"loc":{"start":{"line":33,"column":4},"end":{"line":35,"column":5}},"type":"if","locations":[{"start":{"line":33,"column":4},"end":{"line":35,"column":5}},{"start":{},"end":{}}],"line":33},"9":{"loc":{"start":{"line":54,"column":2},"end":{"line":56,"column":3}},"type":"if","locations":[{"start":{"line":54,"column":2},"end":{"line":56,"column":3}},{"start":{},"end":{}}],"line":54},"10":{"loc":{"start":{"line":54,"column":6},"end":{"line":54,"column":60}},"type":"binary-expr","locations":[{"start":{"line":54,"column":6},"end":{"line":54,"column":23}},{"start":{"line":54,"column":27},"end":{"line":54,"column":60}}],"line":54},"11":{"loc":{"start":{"line":76,"column":2},"end":{"line":78,"column":3}},"type":"if","locations":[{"start":{"line":76,"column":2},"end":{"line":78,"column":3}},{"start":{},"end":{}}],"line":76},"12":{"loc":{"start":{"line":80,"column":25},"end":{"line":80,"column":60}},"type":"binary-expr","locations":[{"start":{"line":80,"column":25},"end":{"line":80,"column":55}},{"start":{"line":80,"column":59},"end":{"line":80,"column":60}}],"line":80},"13":{"loc":{"start":{"line":81,"column":20},"end":{"line":81,"column":50}},"type":"binary-expr","locations":[{"start":{"line":81,"column":20},"end":{"line":81,"column":45}},{"start":{"line":81,"column":49},"end":{"line":81,"column":50}}],"line":81},"14":{"loc":{"start":{"line":82,"column":28},"end":{"line":82,"column":61}},"type":"cond-expr","locations":[{"start":{"line":82,"column":55},"end":{"line":82,"column":56}},{"start":{"line":82,"column":59},"end":{"line":82,"column":61}}],"line":82},"15":{"loc":{"start":{"line":124,"column":4},"end":{"line":126,"column":5}},"type":"if","locations":[{"start":{"line":124,"column":4},"end":{"line":126,"column":5}},{"start":{},"end":{}}],"line":124}},"s":{"0":1,"1":1,"2":1,"3":7,"4":1,"5":6,"6":2,"7":1,"8":1,"9":5,"10":5,"11":1,"12":4,"13":1,"14":3,"15":1,"16":2,"17":1,"18":1,"19":1,"20":1,"21":1,"22":0,"23":1,"24":2,"25":1,"26":1,"27":1,"28":1,"29":0,"30":1,"31":1,"32":1,"33":0,"34":1,"35":3,"36":1,"37":2,"38":2,"39":2,"40":2,"41":2,"42":0,"43":0,"44":0,"45":0,"46":0,"47":0,"48":0,"49":0,"50":2,"51":1,"52":2,"53":2,"54":2,"55":1,"56":1,"57":1,"58":0},"f":{"0":1,"1":7,"2":2,"3":1,"4":3,"5":0,"6":2},"b":{"0":[1,6],"1":[2,4],"2":[1,1],"3":[5,0],"4":[1,4],"5":[5,4],"6":[1,3],"7":[1,2],"8":[1,1],"9":[1,1],"10":[2,1],"11":[1,2],"12":[2,1],"13":[2,1],"14":[1,1],"15":[1,1]},"_coverageSchema":"1a1c01bbd47fc00a2c39e90264f33305004495a9","hash":"fcbd9490a05ea0d0f48f32cdc45b94c856378521"}
,"C:\\Users\\onsbe\\only-for-testing\\BlogMitDashboard\\api\\user\\routes\\user.route.js": {"path":"C:\\Users\\onsbe\\only-for-testing\\BlogMitDashboard\\api\\user\\routes\\user.route.js","statementMap":{"0":{"start":{"line":5,"column":15},"end":{"line":5,"column":31}},"1":{"start":{"line":7,"column":0},"end":{"line":7,"column":27}},"2":{"start":{"line":8,"column":0},"end":{"line":8,"column":55}},"3":{"start":{"line":9,"column":0},"end":{"line":9,"column":58}},"4":{"start":{"line":10,"column":0},"end":{"line":10,"column":33}},"5":{"start":{"line":11,"column":0},"end":{"line":11,"column":48}},"6":{"start":{"line":12,"column":0},"end":{"line":12,"column":31}}},"fnMap":{},"branchMap":{},"s":{"0":1,"1":1,"2":1,"3":1,"4":1,"5":1,"6":1},"f":{},"b":{},"_coverageSchema":"1a1c01bbd47fc00a2c39e90264f33305004495a9","hash":"2f36ab8ea251464c748f976be451d7ad02d4c13a"}
,"C:\\Users\\onsbe\\only-for-testing\\BlogMitDashboard\\api\\user\\utils\\error.js": {"path":"C:\\Users\\onsbe\\only-for-testing\\BlogMitDashboard\\api\\user\\utils\\error.js","statementMap":{"0":{"start":{"line":1,"column":28},"end":{"line":6,"column":3}},"1":{"start":{"line":2,"column":17},"end":{"line":2,"column":28}},"2":{"start":{"line":3,"column":4},"end":{"line":3,"column":34}},"3":{"start":{"line":4,"column":4},"end":{"line":4,"column":28}},"4":{"start":{"line":5,"column":4},"end":{"line":5,"column":17}}},"fnMap":{"0":{"name":"(anonymous_0)","decl":{"start":{"line":1,"column":28},"end":{"line":1,"column":29}},"loc":{"start":{"line":1,"column":53},"end":{"line":6,"column":3}},"line":1}},"branchMap":{},"s":{"0":1,"1":11,"2":11,"3":11,"4":11},"f":{"0":11},"b":{},"_coverageSchema":"1a1c01bbd47fc00a2c39e90264f33305004495a9","hash":"ed67ece23a1d8783fccc96923d89fff3aea61c8f"}
,"C:\\Users\\onsbe\\only-for-testing\\BlogMitDashboard\\api\\user\\utils\\verifyUser.js": {"path":"C:\\Users\\onsbe\\only-for-testing\\BlogMitDashboard\\api\\user\\utils\\verifyUser.js","statementMap":{"0":{"start":{"line":3,"column":27},"end":{"line":15,"column":1}},"1":{"start":{"line":4,"column":16},"end":{"line":4,"column":40}},"2":{"start":{"line":5,"column":2},"end":{"line":7,"column":3}},"3":{"start":{"line":6,"column":4},"end":{"line":6,"column":51}},"4":{"start":{"line":8,"column":2},"end":{"line":14,"column":5}},"5":{"start":{"line":9,"column":4},"end":{"line":11,"column":5}},"6":{"start":{"line":10,"column":6},"end":{"line":10,"column":53}},"7":{"start":{"line":12,"column":4},"end":{"line":12,"column":20}},"8":{"start":{"line":13,"column":4},"end":{"line":13,"column":11}}},"fnMap":{"0":{"name":"(anonymous_0)","decl":{"start":{"line":3,"column":27},"end":{"line":3,"column":28}},"loc":{"start":{"line":3,"column":47},"end":{"line":15,"column":1}},"line":3},"1":{"name":"(anonymous_1)","decl":{"start":{"line":8,"column":44},"end":{"line":8,"column":45}},"loc":{"start":{"line":8,"column":59},"end":{"line":14,"column":3}},"line":8}},"branchMap":{"0":{"loc":{"start":{"line":5,"column":2},"end":{"line":7,"column":3}},"type":"if","locations":[{"start":{"line":5,"column":2},"end":{"line":7,"column":3}},{"start":{},"end":{}}],"line":5},"1":{"loc":{"start":{"line":9,"column":4},"end":{"line":11,"column":5}},"type":"if","locations":[{"start":{"line":9,"column":4},"end":{"line":11,"column":5}},{"start":{},"end":{}}],"line":9}},"s":{"0":1,"1":3,"2":3,"3":1,"4":2,"5":2,"6":1,"7":1,"8":1},"f":{"0":3,"1":2},"b":{"0":[1,2],"1":[1,1]},"_coverageSchema":"1a1c01bbd47fc00a2c39e90264f33305004495a9","hash":"0de1599f9e9b4dd06c302d86ddeffd52c72151db"}
}
