TN:
SF:index.js
FN:15,(anonymous_0)
FN:17,(anonymous_1)
FN:26,(anonymous_2)
FN:34,(anonymous_3)
FNF:4
FNH:2
FNDA:1,(anonymous_0)
FNDA:0,(anonymous_1)
FNDA:1,(anonymous_2)
FNDA:0,(anonymous_3)
DA:8,1
DA:13,1
DA:16,1
DA:18,0
DA:21,1
DA:23,1
DA:24,1
DA:26,1
DA:27,1
DA:31,1
DA:34,1
DA:35,0
DA:36,0
DA:37,0
LF:14
LH:10
BRDA:35,0,0,0
BRDA:35,0,1,0
BRDA:36,1,0,0
BRDA:36,1,1,0
BRF:4
BRH:0
end_of_record
TN:
SF:controllers\user.controller.js
FN:6,(anonymous_0)
FN:10,(anonymous_1)
FN:53,(anonymous_2)
FN:65,(anonymous_3)
FN:75,(anonymous_4)
FN:89,(anonymous_5)
FN:121,(anonymous_6)
FNF:7
FNH:6
FNDA:1,(anonymous_0)
FNDA:7,(anonymous_1)
FNDA:2,(anonymous_2)
FNDA:1,(anonymous_3)
FNDA:3,(anonymous_4)
FNDA:0,(anonymous_5)
FNDA:2,(anonymous_6)
DA:6,1
DA:7,1
DA:10,1
DA:11,7
DA:12,1
DA:14,6
DA:15,2
DA:17,1
DA:19,1
DA:21,5
DA:22,5
DA:24,1
DA:26,4
DA:28,1
DA:30,3
DA:31,1
DA:33,2
DA:34,1
DA:37,1
DA:38,1
DA:46,1
DA:47,1
DA:49,0
DA:53,1
DA:54,2
DA:55,1
DA:57,1
DA:58,1
DA:59,1
DA:61,0
DA:65,1
DA:66,1
DA:67,1
DA:71,0
DA:75,1
DA:76,3
DA:77,1
DA:79,2
DA:80,2
DA:81,2
DA:82,2
DA:84,2
DA:89,0
DA:90,0
DA:91,0
DA:94,0
DA:96,0
DA:98,0
DA:104,0
DA:110,0
DA:117,2
DA:121,1
DA:122,2
DA:123,2
DA:124,2
DA:125,1
DA:127,1
DA:128,1
DA:130,0
LF:59
LH:47
BRDA:11,0,0,1
BRDA:11,0,1,6
BRDA:14,1,0,2
BRDA:14,1,1,4
BRDA:15,2,0,1
BRDA:15,2,1,1
BRDA:21,3,0,5
BRDA:21,3,1,0
BRDA:22,4,0,1
BRDA:22,4,1,4
BRDA:23,5,0,5
BRDA:23,5,1,4
BRDA:26,6,0,1
BRDA:26,6,1,3
BRDA:30,7,0,1
BRDA:30,7,1,2
BRDA:33,8,0,1
BRDA:33,8,1,1
BRDA:54,9,0,1
BRDA:54,9,1,1
BRDA:54,10,0,2
BRDA:54,10,1,1
BRDA:76,11,0,1
BRDA:76,11,1,2
BRDA:80,12,0,2
BRDA:80,12,1,1
BRDA:81,13,0,2
BRDA:81,13,1,1
BRDA:82,14,0,1
BRDA:82,14,1,1
BRDA:124,15,0,1
BRDA:124,15,1,1
BRF:32
BRH:31
end_of_record
TN:
SF:routes\user.route.js
FNF:0
FNH:0
DA:5,1
DA:7,1
DA:8,1
DA:9,1
DA:10,1
DA:11,1
DA:12,1
LF:7
LH:7
BRF:0
BRH:0
end_of_record
TN:
SF:utils\error.js
FN:1,(anonymous_0)
FNF:1
FNH:1
FNDA:11,(anonymous_0)
DA:1,1
DA:2,11
DA:3,11
DA:4,11
DA:5,11
LF:5
LH:5
BRF:0
BRH:0
end_of_record
TN:
SF:utils\verifyUser.js
FN:3,(anonymous_0)
FN:8,(anonymous_1)
FNF:2
FNH:2
FNDA:3,(anonymous_0)
FNDA:2,(anonymous_1)
DA:3,1
DA:4,3
DA:5,3
DA:6,1
DA:8,2
DA:9,2
DA:10,1
DA:12,1
DA:13,1
LF:9
LH:9
BRDA:5,0,0,1
BRDA:5,0,1,2
BRDA:9,1,0,1
BRDA:9,1,1,1
BRF:4
BRH:4
end_of_record
